2025-04-25T12:55:27.629+08:00  INFO 2977 --- [JavaFX-Launcher] o.s.boot.SpringApplication               : Starting application using Java 17.0.13 with PID 2977 (started by guoyunyu in /Users/guoyunyu/DevProject/JavaProject/RedBookNoteFetchTool/GUITool)
2025-04-25T12:55:27.632+08:00  INFO 2977 --- [JavaFX-Launcher] o.s.boot.SpringApplication               : No active profile set, falling back to 1 default profile: "default"
2025-04-25T12:55:27.838+08:00  INFO 2977 --- [JavaFX-Launcher] o.s.boot.SpringApplication               : Started application in 0.325 seconds (process running for 0.658)
2025-04-25T12:55:28.067+08:00  INFO 2977 --- [JavaFX Application Thread] c.r.t.u.c.ArticleCrawlController         : åˆå§‹åŒ–æ–‡ç« çˆ¬å–æ§åˆ¶å™¨
2025-04-25T12:55:28.076+08:00  INFO 2977 --- [JavaFX Application Thread] c.r.t.u.c.NotePublishController          : åˆå§‹åŒ–ç¬”è®°å‘å¸ƒæ§åˆ¶å™¨
2025-04-25T12:55:28.087+08:00  INFO 2977 --- [JavaFX Application Thread] c.r.tool.ui.controller.MainController    : ä¸»ç•Œé¢æ§åˆ¶å™¨åˆå§‹åŒ–
2025-04-25T12:55:28.316+08:00  INFO 2977 --- [JavaFX Application Thread] c.r.t.u.c.ArticleCrawlController         : åˆ·æ–°ç¬¬1é¡µæ•°æ®ï¼ŒèŒƒå›´: 0 - 0, æ€»æ•°æ®é‡: 0
2025-04-25T12:55:28.317+08:00  WARN 2977 --- [JavaFX Application Thread] c.r.t.u.c.ArticleCrawlController         : é¡µç è¶…å‡ºèŒƒå›´ï¼Œæ¸…ç©ºæ•°æ®æ˜¾ç¤º
2025-04-25T12:55:28.463+08:00  INFO 2977 --- [JavaFX Application Thread] c.r.t.u.viewmodel.ArticleCrawlViewModel  : æ‰¾åˆ°1ä¸ªæœ‰æ•ˆç™»å½•çš„ç”¨æˆ·è´¦å·
2025-04-25T12:55:31.601+08:00  INFO 2977 --- [JavaFX Application Thread] c.r.tool.ui.controller.MainController    : åˆ‡æ¢åˆ°æ–‡ç« çˆ¬å–é¡µé¢
2025-04-25T12:55:41.103+08:00  INFO 2977 --- [JavaFX Application Thread] c.r.t.u.c.ArticleCrawlController         : å¼€å§‹æœç´¢ï¼Œå…³é”®è¯: ç”œå¦¹, ç”¨æˆ·: å°çº¢è–¯670DFD69
2025-04-25T12:55:41.112+08:00  INFO 2977 --- [ForkJoinPool.commonPool-worker-2] c.r.tool.service.ArticleCrawlService     : å¼€å§‹ä½¿ç”¨ç”¨æˆ·[670ca18d000000000b031f01]æœç´¢å…³é”®è¯: ç”œå¦¹
2025-04-25T12:55:41.117+08:00  INFO 2977 --- [ForkJoinPool.commonPool-worker-2] com.redbook.tool.service.UserService     : å·²åŠ è½½ç”¨æˆ·[å°çº¢è–¯670DFD69]çš„ä¿¡æ¯
2025-04-25T12:55:41.122+08:00  INFO 2977 --- [JavaFX Application Thread] c.r.t.u.c.ArticleCrawlController         : åˆ·æ–°ç¬¬1é¡µæ•°æ®ï¼ŒèŒƒå›´: 0 - 0, æ€»æ•°æ®é‡: 0
2025-04-25T12:55:41.122+08:00  WARN 2977 --- [JavaFX Application Thread] c.r.t.u.c.ArticleCrawlController         : é¡µç è¶…å‡ºèŒƒå›´ï¼Œæ¸…ç©ºæ•°æ®æ˜¾ç¤º
2025-04-25T12:55:41.124+08:00  INFO 2977 --- [JavaFX Application Thread] c.r.t.u.c.ArticleCrawlController         : åˆ·æ–°ç¬¬1é¡µæ•°æ®ï¼ŒèŒƒå›´: 0 - 0, æ€»æ•°æ®é‡: 0
2025-04-25T12:55:41.124+08:00  WARN 2977 --- [JavaFX Application Thread] c.r.t.u.c.ArticleCrawlController         : é¡µç è¶…å‡ºèŒƒå›´ï¼Œæ¸…ç©ºæ•°æ®æ˜¾ç¤º
2025-04-25T12:55:44.304+08:00  INFO 2977 --- [ForkJoinPool.commonPool-worker-2] c.r.tool.service.ArticleCrawlService     : å¯¼èˆªåˆ°æœç´¢é¡µé¢: https://www.xiaohongshu.com/search_result?keyword=%E7%94%9C%E5%A6%B9
2025-04-25T12:55:51.711+08:00  INFO 2977 --- [ForkJoinPool.commonPool-worker-2] c.r.tool.service.ArticleCrawlService     : æœç´¢é¡µé¢åŠ è½½å®Œæˆ
2025-04-25T12:55:51.712+08:00  INFO 2977 --- [ForkJoinPool.commonPool-worker-2] c.r.tool.service.ArticleCrawlService     : å¼€å§‹æ£€æŸ¥ç™»å½•çŠ¶æ€...
2025-04-25T12:55:51.723+08:00  INFO 2977 --- [ForkJoinPool.commonPool-worker-2] c.r.tool.service.ArticleCrawlService     : æ£€æµ‹åˆ°å·²ç™»å½•çŠ¶æ€å…ƒç´ : li.user.side-bar-component
2025-04-25T12:55:51.723+08:00  INFO 2977 --- [ForkJoinPool.commonPool-worker-2] c.r.tool.service.ArticleCrawlService     : ç”¨æˆ·[670ca18d000000000b031f01]çš„ç™»å½•çŠ¶æ€æœ‰æ•ˆ
2025-04-25T12:55:51.724+08:00  INFO 2977 --- [ForkJoinPool.commonPool-worker-2] c.r.tool.service.ArticleCrawlService     : å¼€å§‹çˆ¬å–æœç´¢ç»“æœ...
2025-04-25T12:55:51.729+08:00  INFO 2977 --- [ForkJoinPool.commonPool-worker-2] c.r.tool.service.ArticleCrawlService     : ç­‰å¾…ç¬”è®°å®¹å™¨åŠ è½½...
2025-04-25T12:55:51.737+08:00  INFO 2977 --- [ForkJoinPool.commonPool-worker-2] c.r.tool.service.ArticleCrawlService     : ä½¿ç”¨ä¸»é€‰æ‹©å™¨æ‰¾åˆ°ç¬”è®°å®¹å™¨
2025-04-25T12:55:51.737+08:00  INFO 2977 --- [ForkJoinPool.commonPool-worker-2] c.r.tool.service.ArticleCrawlService     : ç­‰å¾…ç¬”è®°é¡¹åŠ è½½...
2025-04-25T12:55:51.748+08:00  INFO 2977 --- [ForkJoinPool.commonPool-worker-2] c.r.tool.service.ArticleCrawlService     : ä½¿ç”¨ä¸»é€‰æ‹©å™¨æ‰¾åˆ° 18 ä¸ªç¬”è®°é¡¹
2025-04-25T12:55:51.770+08:00  INFO 2977 --- [JavaFX Application Thread] c.r.t.u.c.ArticleCrawlController         : åˆ·æ–°ç¬¬1é¡µæ•°æ®ï¼ŒèŒƒå›´: 0 - 1, æ€»æ•°æ®é‡: 1
2025-04-25T12:55:51.770+08:00  INFO 2977 --- [JavaFX Application Thread] c.r.t.u.c.ArticleCrawlController         : å½“å‰é¡µæ˜¾ç¤º1æ¡æ•°æ®
2025-04-25T12:55:51.771+08:00  INFO 2977 --- [JavaFX Application Thread] c.r.t.u.c.ArticleCrawlController         : åˆ·æ–°ç¬¬1é¡µæ•°æ®ï¼ŒèŒƒå›´: 0 - 1, æ€»æ•°æ®é‡: 1
2025-04-25T12:55:51.771+08:00  INFO 2977 --- [JavaFX Application Thread] c.r.t.u.c.ArticleCrawlController         : å½“å‰é¡µæ˜¾ç¤º1æ¡æ•°æ®
2025-04-25T12:55:51.922+08:00  INFO 2977 --- [JavaFX Application Thread] c.r.t.u.c.ArticleCrawlController         : åˆ·æ–°ç¬¬1é¡µæ•°æ®ï¼ŒèŒƒå›´: 0 - 9, æ€»æ•°æ®é‡: 9
2025-04-25T12:55:51.923+08:00  INFO 2977 --- [JavaFX Application Thread] c.r.t.u.c.ArticleCrawlController         : å½“å‰é¡µæ˜¾ç¤º9æ¡æ•°æ®
2025-04-25T12:55:51.923+08:00  INFO 2977 --- [JavaFX Application Thread] c.r.t.u.c.ArticleCrawlController         : åˆ·æ–°ç¬¬1é¡µæ•°æ®ï¼ŒèŒƒå›´: 0 - 9, æ€»æ•°æ®é‡: 9
2025-04-25T12:55:51.923+08:00  INFO 2977 --- [JavaFX Application Thread] c.r.t.u.c.ArticleCrawlController         : å½“å‰é¡µæ˜¾ç¤º9æ¡æ•°æ®
2025-04-25T12:55:51.923+08:00  INFO 2977 --- [JavaFX Application Thread] c.r.t.u.c.ArticleCrawlController         : åˆ·æ–°ç¬¬1é¡µæ•°æ®ï¼ŒèŒƒå›´: 0 - 9, æ€»æ•°æ®é‡: 9
2025-04-25T12:55:51.924+08:00  INFO 2977 --- [JavaFX Application Thread] c.r.t.u.c.ArticleCrawlController         : å½“å‰é¡µæ˜¾ç¤º9æ¡æ•°æ®
2025-04-25T12:55:51.924+08:00  INFO 2977 --- [JavaFX Application Thread] c.r.t.u.c.ArticleCrawlController         : åˆ·æ–°ç¬¬1é¡µæ•°æ®ï¼ŒèŒƒå›´: 0 - 9, æ€»æ•°æ®é‡: 9
2025-04-25T12:55:51.924+08:00  INFO 2977 --- [JavaFX Application Thread] c.r.t.u.c.ArticleCrawlController         : å½“å‰é¡µæ˜¾ç¤º9æ¡æ•°æ®
2025-04-25T12:55:51.924+08:00  INFO 2977 --- [JavaFX Application Thread] c.r.t.u.c.ArticleCrawlController         : åˆ·æ–°ç¬¬1é¡µæ•°æ®ï¼ŒèŒƒå›´: 0 - 9, æ€»æ•°æ®é‡: 9
2025-04-25T12:55:51.925+08:00  INFO 2977 --- [JavaFX Application Thread] c.r.t.u.c.ArticleCrawlController         : å½“å‰é¡µæ˜¾ç¤º9æ¡æ•°æ®
2025-04-25T12:55:51.925+08:00  INFO 2977 --- [JavaFX Application Thread] c.r.t.u.c.ArticleCrawlController         : åˆ·æ–°ç¬¬1é¡µæ•°æ®ï¼ŒèŒƒå›´: 0 - 9, æ€»æ•°æ®é‡: 9
2025-04-25T12:55:51.925+08:00  INFO 2977 --- [JavaFX Application Thread] c.r.t.u.c.ArticleCrawlController         : å½“å‰é¡µæ˜¾ç¤º9æ¡æ•°æ®
2025-04-25T12:55:51.926+08:00  INFO 2977 --- [JavaFX Application Thread] c.r.t.u.c.ArticleCrawlController         : åˆ·æ–°ç¬¬1é¡µæ•°æ®ï¼ŒèŒƒå›´: 0 - 9, æ€»æ•°æ®é‡: 9
2025-04-25T12:55:51.926+08:00  INFO 2977 --- [JavaFX Application Thread] c.r.t.u.c.ArticleCrawlController         : å½“å‰é¡µæ˜¾ç¤º9æ¡æ•°æ®
2025-04-25T12:55:51.926+08:00  INFO 2977 --- [JavaFX Application Thread] c.r.t.u.c.ArticleCrawlController         : åˆ·æ–°ç¬¬1é¡µæ•°æ®ï¼ŒèŒƒå›´: 0 - 9, æ€»æ•°æ®é‡: 9
2025-04-25T12:55:51.926+08:00  INFO 2977 --- [JavaFX Application Thread] c.r.t.u.c.ArticleCrawlController         : å½“å‰é¡µæ˜¾ç¤º9æ¡æ•°æ®
2025-04-25T12:55:51.927+08:00  INFO 2977 --- [JavaFX Application Thread] c.r.t.u.c.ArticleCrawlController         : åˆ·æ–°ç¬¬1é¡µæ•°æ®ï¼ŒèŒƒå›´: 0 - 9, æ€»æ•°æ®é‡: 9
2025-04-25T12:55:51.927+08:00  INFO 2977 --- [JavaFX Application Thread] c.r.t.u.c.ArticleCrawlController         : å½“å‰é¡µæ˜¾ç¤º9æ¡æ•°æ®
2025-04-25T12:55:51.927+08:00  INFO 2977 --- [JavaFX Application Thread] c.r.t.u.c.ArticleCrawlController         : åˆ·æ–°ç¬¬1é¡µæ•°æ®ï¼ŒèŒƒå›´: 0 - 9, æ€»æ•°æ®é‡: 9
2025-04-25T12:55:51.927+08:00  INFO 2977 --- [JavaFX Application Thread] c.r.t.u.c.ArticleCrawlController         : å½“å‰é¡µæ˜¾ç¤º9æ¡æ•°æ®
2025-04-25T12:55:51.928+08:00  INFO 2977 --- [JavaFX Application Thread] c.r.t.u.c.ArticleCrawlController         : åˆ·æ–°ç¬¬1é¡µæ•°æ®ï¼ŒèŒƒå›´: 0 - 9, æ€»æ•°æ®é‡: 9
2025-04-25T12:55:51.928+08:00  INFO 2977 --- [JavaFX Application Thread] c.r.t.u.c.ArticleCrawlController         : å½“å‰é¡µæ˜¾ç¤º9æ¡æ•°æ®
2025-04-25T12:55:51.928+08:00  INFO 2977 --- [JavaFX Application Thread] c.r.t.u.c.ArticleCrawlController         : åˆ·æ–°ç¬¬1é¡µæ•°æ®ï¼ŒèŒƒå›´: 0 - 9, æ€»æ•°æ®é‡: 9
2025-04-25T12:55:51.928+08:00  INFO 2977 --- [JavaFX Application Thread] c.r.t.u.c.ArticleCrawlController         : å½“å‰é¡µæ˜¾ç¤º9æ¡æ•°æ®
2025-04-25T12:55:51.929+08:00  INFO 2977 --- [JavaFX Application Thread] c.r.t.u.c.ArticleCrawlController         : åˆ·æ–°ç¬¬1é¡µæ•°æ®ï¼ŒèŒƒå›´: 0 - 9, æ€»æ•°æ®é‡: 9
2025-04-25T12:55:51.929+08:00  INFO 2977 --- [JavaFX Application Thread] c.r.t.u.c.ArticleCrawlController         : å½“å‰é¡µæ˜¾ç¤º9æ¡æ•°æ®
2025-04-25T12:55:51.929+08:00  INFO 2977 --- [JavaFX Application Thread] c.r.t.u.c.ArticleCrawlController         : åˆ·æ–°ç¬¬1é¡µæ•°æ®ï¼ŒèŒƒå›´: 0 - 9, æ€»æ•°æ®é‡: 9
2025-04-25T12:55:51.929+08:00  INFO 2977 --- [JavaFX Application Thread] c.r.t.u.c.ArticleCrawlController         : å½“å‰é¡µæ˜¾ç¤º9æ¡æ•°æ®
2025-04-25T12:55:51.930+08:00  INFO 2977 --- [JavaFX Application Thread] c.r.t.u.c.ArticleCrawlController         : åˆ·æ–°ç¬¬1é¡µæ•°æ®ï¼ŒèŒƒå›´: 0 - 9, æ€»æ•°æ®é‡: 9
2025-04-25T12:55:51.931+08:00  INFO 2977 --- [JavaFX Application Thread] c.r.t.u.c.ArticleCrawlController         : å½“å‰é¡µæ˜¾ç¤º9æ¡æ•°æ®
2025-04-25T12:55:51.931+08:00  INFO 2977 --- [JavaFX Application Thread] c.r.t.u.c.ArticleCrawlController         : åˆ·æ–°ç¬¬1é¡µæ•°æ®ï¼ŒèŒƒå›´: 0 - 9, æ€»æ•°æ®é‡: 9
2025-04-25T12:55:51.931+08:00  INFO 2977 --- [JavaFX Application Thread] c.r.t.u.c.ArticleCrawlController         : å½“å‰é¡µæ˜¾ç¤º9æ¡æ•°æ®
2025-04-25T12:55:51.950+08:00  INFO 2977 --- [JavaFX Application Thread] c.r.t.u.c.ArticleCrawlController         : åˆ·æ–°ç¬¬1é¡µæ•°æ®ï¼ŒèŒƒå›´: 0 - 10, æ€»æ•°æ®é‡: 10
2025-04-25T12:55:51.950+08:00  INFO 2977 --- [JavaFX Application Thread] c.r.t.u.c.ArticleCrawlController         : å½“å‰é¡µæ˜¾ç¤º10æ¡æ•°æ®
2025-04-25T12:55:51.951+08:00  INFO 2977 --- [JavaFX Application Thread] c.r.t.u.c.ArticleCrawlController         : åˆ·æ–°ç¬¬1é¡µæ•°æ®ï¼ŒèŒƒå›´: 0 - 10, æ€»æ•°æ®é‡: 10
2025-04-25T12:55:51.951+08:00  INFO 2977 --- [JavaFX Application Thread] c.r.t.u.c.ArticleCrawlController         : å½“å‰é¡µæ˜¾ç¤º10æ¡æ•°æ®
2025-04-25T12:55:51.955+08:00  INFO 2977 --- [JavaFX Application Thread] c.r.t.u.c.ArticleCrawlController         : åˆ·æ–°ç¬¬1é¡µæ•°æ®ï¼ŒèŒƒå›´: 0 - 10, æ€»æ•°æ®é‡: 11
2025-04-25T12:55:51.956+08:00  INFO 2977 --- [JavaFX Application Thread] c.r.t.u.c.ArticleCrawlController         : å½“å‰é¡µæ˜¾ç¤º10æ¡æ•°æ®
2025-04-25T12:55:51.956+08:00  INFO 2977 --- [JavaFX Application Thread] c.r.t.u.c.ArticleCrawlController         : åˆ·æ–°ç¬¬1é¡µæ•°æ®ï¼ŒèŒƒå›´: 0 - 10, æ€»æ•°æ®é‡: 11
2025-04-25T12:55:51.956+08:00  INFO 2977 --- [JavaFX Application Thread] c.r.t.u.c.ArticleCrawlController         : å½“å‰é¡µæ˜¾ç¤º10æ¡æ•°æ®
2025-04-25T12:55:51.971+08:00  INFO 2977 --- [JavaFX Application Thread] c.r.t.u.c.ArticleCrawlController         : åˆ·æ–°ç¬¬1é¡µæ•°æ®ï¼ŒèŒƒå›´: 0 - 10, æ€»æ•°æ®é‡: 12
2025-04-25T12:55:51.971+08:00  INFO 2977 --- [JavaFX Application Thread] c.r.t.u.c.ArticleCrawlController         : å½“å‰é¡µæ˜¾ç¤º10æ¡æ•°æ®
2025-04-25T12:55:51.971+08:00  INFO 2977 --- [JavaFX Application Thread] c.r.t.u.c.ArticleCrawlController         : åˆ·æ–°ç¬¬1é¡µæ•°æ®ï¼ŒèŒƒå›´: 0 - 10, æ€»æ•°æ®é‡: 12
2025-04-25T12:55:51.972+08:00  INFO 2977 --- [JavaFX Application Thread] c.r.t.u.c.ArticleCrawlController         : å½“å‰é¡µæ˜¾ç¤º10æ¡æ•°æ®
2025-04-25T12:55:51.985+08:00  INFO 2977 --- [JavaFX Application Thread] c.r.t.u.c.ArticleCrawlController         : åˆ·æ–°ç¬¬1é¡µæ•°æ®ï¼ŒèŒƒå›´: 0 - 10, æ€»æ•°æ®é‡: 13
2025-04-25T12:55:51.985+08:00  INFO 2977 --- [JavaFX Application Thread] c.r.t.u.c.ArticleCrawlController         : å½“å‰é¡µæ˜¾ç¤º10æ¡æ•°æ®
2025-04-25T12:55:51.986+08:00  INFO 2977 --- [JavaFX Application Thread] c.r.t.u.c.ArticleCrawlController         : åˆ·æ–°ç¬¬1é¡µæ•°æ®ï¼ŒèŒƒå›´: 0 - 10, æ€»æ•°æ®é‡: 13
2025-04-25T12:55:51.986+08:00  INFO 2977 --- [JavaFX Application Thread] c.r.t.u.c.ArticleCrawlController         : å½“å‰é¡µæ˜¾ç¤º10æ¡æ•°æ®
2025-04-25T12:55:52.004+08:00  INFO 2977 --- [JavaFX Application Thread] c.r.t.u.c.ArticleCrawlController         : åˆ·æ–°ç¬¬1é¡µæ•°æ®ï¼ŒèŒƒå›´: 0 - 10, æ€»æ•°æ®é‡: 14
2025-04-25T12:55:52.004+08:00  INFO 2977 --- [JavaFX Application Thread] c.r.t.u.c.ArticleCrawlController         : å½“å‰é¡µæ˜¾ç¤º10æ¡æ•°æ®
2025-04-25T12:55:52.004+08:00  INFO 2977 --- [JavaFX Application Thread] c.r.t.u.c.ArticleCrawlController         : åˆ·æ–°ç¬¬1é¡µæ•°æ®ï¼ŒèŒƒå›´: 0 - 10, æ€»æ•°æ®é‡: 14
2025-04-25T12:55:52.005+08:00  INFO 2977 --- [JavaFX Application Thread] c.r.t.u.c.ArticleCrawlController         : å½“å‰é¡µæ˜¾ç¤º10æ¡æ•°æ®
2025-04-25T12:55:52.017+08:00  INFO 2977 --- [JavaFX Application Thread] c.r.t.u.c.ArticleCrawlController         : åˆ·æ–°ç¬¬1é¡µæ•°æ®ï¼ŒèŒƒå›´: 0 - 10, æ€»æ•°æ®é‡: 15
2025-04-25T12:55:52.017+08:00  INFO 2977 --- [JavaFX Application Thread] c.r.t.u.c.ArticleCrawlController         : å½“å‰é¡µæ˜¾ç¤º10æ¡æ•°æ®
2025-04-25T12:55:52.018+08:00  INFO 2977 --- [JavaFX Application Thread] c.r.t.u.c.ArticleCrawlController         : åˆ·æ–°ç¬¬1é¡µæ•°æ®ï¼ŒèŒƒå›´: 0 - 10, æ€»æ•°æ®é‡: 15
2025-04-25T12:55:52.018+08:00  INFO 2977 --- [JavaFX Application Thread] c.r.t.u.c.ArticleCrawlController         : å½“å‰é¡µæ˜¾ç¤º10æ¡æ•°æ®
2025-04-25T12:55:52.028+08:00  INFO 2977 --- [JavaFX Application Thread] c.r.t.u.c.ArticleCrawlController         : åˆ·æ–°ç¬¬1é¡µæ•°æ®ï¼ŒèŒƒå›´: 0 - 10, æ€»æ•°æ®é‡: 16
2025-04-25T12:55:52.029+08:00  INFO 2977 --- [JavaFX Application Thread] c.r.t.u.c.ArticleCrawlController         : å½“å‰é¡µæ˜¾ç¤º10æ¡æ•°æ®
2025-04-25T12:55:52.029+08:00  INFO 2977 --- [JavaFX Application Thread] c.r.t.u.c.ArticleCrawlController         : åˆ·æ–°ç¬¬1é¡µæ•°æ®ï¼ŒèŒƒå›´: 0 - 10, æ€»æ•°æ®é‡: 16
2025-04-25T12:55:52.029+08:00  INFO 2977 --- [JavaFX Application Thread] c.r.t.u.c.ArticleCrawlController         : å½“å‰é¡µæ˜¾ç¤º10æ¡æ•°æ®
2025-04-25T12:55:52.043+08:00  INFO 2977 --- [JavaFX Application Thread] c.r.t.u.c.ArticleCrawlController         : åˆ·æ–°ç¬¬1é¡µæ•°æ®ï¼ŒèŒƒå›´: 0 - 10, æ€»æ•°æ®é‡: 17
2025-04-25T12:55:52.043+08:00  INFO 2977 --- [JavaFX Application Thread] c.r.t.u.c.ArticleCrawlController         : å½“å‰é¡µæ˜¾ç¤º10æ¡æ•°æ®
2025-04-25T12:55:52.044+08:00  INFO 2977 --- [JavaFX Application Thread] c.r.t.u.c.ArticleCrawlController         : åˆ·æ–°ç¬¬1é¡µæ•°æ®ï¼ŒèŒƒå›´: 0 - 10, æ€»æ•°æ®é‡: 17
2025-04-25T12:55:52.044+08:00  INFO 2977 --- [JavaFX Application Thread] c.r.t.u.c.ArticleCrawlController         : å½“å‰é¡µæ˜¾ç¤º10æ¡æ•°æ®
2025-04-25T12:55:52.052+08:00  INFO 2977 --- [ForkJoinPool.commonPool-worker-2] c.r.tool.service.ArticleCrawlService     : çˆ¬å–åˆ° 18 æ¡ç¬”è®°ä¿¡æ¯
2025-04-25T12:55:52.053+08:00  INFO 2977 --- [JavaFX Application Thread] c.r.t.u.c.ArticleCrawlController         : åˆ·æ–°ç¬¬1é¡µæ•°æ®ï¼ŒèŒƒå›´: 0 - 10, æ€»æ•°æ®é‡: 18
2025-04-25T12:55:52.053+08:00  INFO 2977 --- [JavaFX Application Thread] c.r.t.u.c.ArticleCrawlController         : å½“å‰é¡µæ˜¾ç¤º10æ¡æ•°æ®
2025-04-25T12:55:52.054+08:00  INFO 2977 --- [JavaFX Application Thread] c.r.t.u.c.ArticleCrawlController         : åˆ·æ–°ç¬¬1é¡µæ•°æ®ï¼ŒèŒƒå›´: 0 - 10, æ€»æ•°æ®é‡: 18
2025-04-25T12:55:52.054+08:00  INFO 2977 --- [JavaFX Application Thread] c.r.t.u.c.ArticleCrawlController         : å½“å‰é¡µæ˜¾ç¤º10æ¡æ•°æ®
2025-04-25T12:55:54.059+08:00  INFO 2977 --- [ForkJoinPool.commonPool-worker-2] c.r.tool.service.ArticleCrawlService     : æ£€æµ‹åˆ°é¡µé¢å…³é—­
2025-04-25T12:55:54.059+08:00  INFO 2977 --- [ForkJoinPool.commonPool-worker-2] c.r.tool.service.ArticleCrawlService     : é¡µé¢è¢«ç”¨æˆ·æ‰‹åŠ¨å…³é—­
2025-04-25T12:55:54.090+08:00  INFO 2977 --- [JavaFX Application Thread] c.r.t.u.c.ArticleCrawlController         : æœç´¢å®Œæˆï¼Œå…±è·å–åˆ° 18 æ¡ç¬”è®°
2025-04-25T12:55:54.403+08:00  INFO 2977 --- [JavaFX Application Thread] c.r.t.u.c.ArticleCrawlController         : åˆ·æ–°ç¬¬2é¡µæ•°æ®ï¼ŒèŒƒå›´: 10 - 18, æ€»æ•°æ®é‡: 18
2025-04-25T12:55:54.404+08:00  INFO 2977 --- [JavaFX Application Thread] c.r.t.u.c.ArticleCrawlController         : å½“å‰é¡µæ˜¾ç¤º8æ¡æ•°æ®
2025-04-25T12:55:55.719+08:00  INFO 2977 --- [JavaFX Application Thread] c.r.t.u.c.ArticleCrawlController         : åˆ·æ–°ç¬¬1é¡µæ•°æ®ï¼ŒèŒƒå›´: 0 - 10, æ€»æ•°æ®é‡: 18
2025-04-25T12:55:55.720+08:00  INFO 2977 --- [JavaFX Application Thread] c.r.t.u.c.ArticleCrawlController         : å½“å‰é¡µæ˜¾ç¤º10æ¡æ•°æ®
2025-04-25T12:55:57.069+08:00  INFO 2977 --- [JavaFX Application Thread] c.r.t.u.c.ArticleCrawlController         : åˆ·æ–°ç¬¬2é¡µæ•°æ®ï¼ŒèŒƒå›´: 10 - 18, æ€»æ•°æ®é‡: 18
2025-04-25T12:55:57.070+08:00  INFO 2977 --- [JavaFX Application Thread] c.r.t.u.c.ArticleCrawlController         : å½“å‰é¡µæ˜¾ç¤º8æ¡æ•°æ®
2025-04-25T12:55:57.986+08:00  INFO 2977 --- [JavaFX Application Thread] c.r.t.u.c.ArticleCrawlController         : åˆ·æ–°ç¬¬1é¡µæ•°æ®ï¼ŒèŒƒå›´: 0 - 10, æ€»æ•°æ®é‡: 18
2025-04-25T12:55:57.987+08:00  INFO 2977 --- [JavaFX Application Thread] c.r.t.u.c.ArticleCrawlController         : å½“å‰é¡µæ˜¾ç¤º10æ¡æ•°æ®
2025-04-25T12:56:01.786+08:00  INFO 2977 --- [ForkJoinPool.commonPool-worker-2] c.r.tool.service.NoteDetailService       : å¼€å§‹ä½¿ç”¨ç”¨æˆ·[670ca18d000000000b031f01]çˆ¬å–ç¬”è®°è¯¦æƒ…: https://www.xiaohongshu.com/search_result/6707ade2000000001902cc7a?xsec_token=ABOkM7LOdDEhMny_CIN7i8pMN7dC6GOjGrHUrc4n_ryts=&xsec_source=
2025-04-25T12:56:01.790+08:00  INFO 2977 --- [ForkJoinPool.commonPool-worker-2] com.redbook.tool.service.UserService     : å·²åŠ è½½ç”¨æˆ·[å°çº¢è–¯670DFD69]çš„ä¿¡æ¯
2025-04-25T12:56:02.129+08:00  INFO 2977 --- [ForkJoinPool.commonPool-worker-2] c.r.tool.service.NoteDetailService       : å¯¼èˆªåˆ°ç¬”è®°è¯¦æƒ…é¡µ: https://www.xiaohongshu.com/search_result/6707ade2000000001902cc7a?xsec_token=ABOkM7LOdDEhMny_CIN7i8pMN7dC6GOjGrHUrc4n_ryts=&xsec_source=
2025-04-25T12:56:27.326+08:00  INFO 2977 --- [ForkJoinPool.commonPool-worker-2] c.r.tool.service.NoteDetailService       : å¼€å§‹æ£€æŸ¥ç”¨æˆ·[670ca18d000000000b031f01]çš„ç™»å½•çŠ¶æ€
2025-04-25T12:56:27.348+08:00  INFO 2977 --- [ForkJoinPool.commonPool-worker-2] c.r.tool.service.NoteDetailService       : æ£€æµ‹åˆ°å·²ç™»å½•å…ƒç´ (ä¸»é€‰æ‹©å™¨)
2025-04-25T12:56:27.355+08:00  INFO 2977 --- [ForkJoinPool.commonPool-worker-2] c.r.tool.service.NoteDetailService       : æå–åˆ°ç¬”è®°æ ‡é¢˜: ä¸‹è¾ˆå­è¿˜é•¿è¿™å¼ è„¸ è¶Šé•¿è¶Šçˆ½
2025-04-25T12:56:27.364+08:00  INFO 2977 --- [ForkJoinPool.commonPool-worker-2] c.r.tool.service.NoteDetailService       : æå–åˆ°ç¬”è®°å†…å®¹ï¼Œé•¿åº¦: 8
2025-04-25T12:56:27.370+08:00  INFO 2977 --- [ForkJoinPool.commonPool-worker-2] c.r.tool.service.NoteDetailService       : æå–åˆ°3ä¸ªç¬”è®°æ ‡ç­¾
2025-04-25T12:56:27.371+08:00  INFO 2977 --- [ForkJoinPool.commonPool-worker-2] c.r.tool.service.NoteDetailService       : æå–åˆ°0å¼ ç¬”è®°å›¾ç‰‡
2025-04-25T12:56:27.376+08:00  INFO 2977 --- [ForkJoinPool.commonPool-worker-2] c.r.tool.service.NoteDetailService       : æµè§ˆå™¨é¡µé¢è¢«å…³é—­
2025-04-25T12:56:27.376+08:00  INFO 2977 --- [ForkJoinPool.commonPool-worker-2] c.r.tool.service.NoteDetailService       : æ£€æµ‹åˆ°é¡µé¢è¢«ç”¨æˆ·æ‰‹åŠ¨å…³é—­
2025-04-25T12:56:27.404+08:00  INFO 2977 --- [JavaFX Application Thread] c.r.t.u.c.NotePublishController          : åŠ è½½ç¬”è®°è¯¦æƒ…: ä¸‹è¾ˆå­è¿˜é•¿è¿™å¼ è„¸ è¶Šé•¿è¶Šçˆ½
2025-04-25T12:56:27.404+08:00  INFO 2977 --- [JavaFX Application Thread] c.r.tool.ui.controller.MainController    : åˆ‡æ¢åˆ°ä¸€é”®å‘å¸ƒé¡µé¢
2025-04-25T12:56:27.406+08:00  INFO 2977 --- [JavaFX Application Thread] c.r.t.u.c.NotePublishController          : å·²åŠ è½½3ä¸ªæ ‡ç­¾
2025-04-25T12:56:27.406+08:00  INFO 2977 --- [JavaFX Application Thread] c.r.t.u.c.NotePublishController          : å·²åŠ è½½0å¼ å›¾ç‰‡
2025-04-25T12:56:39.302+08:00  INFO 2977 --- [JavaFX Application Thread] c.r.tool.ui.controller.MainController    : åˆ‡æ¢åˆ°æ–‡ç« çˆ¬å–é¡µé¢
2025-04-25T12:56:45.682+08:00  WARN 2977 --- [JavaFX Application Thread] javafx.css                               : Loop detected in *.table-view *.table-row-cell:selected{
	-fx-background-color: <Value>
  <value values="1">
    <Value>
      <value>0xe1f0ffff</value>
      <converter>null</converter>
    </Value>  </value>
  <converter>Paint.SequenceConverter</converter>
</Value>
	-fx-text-fill: <Value lookup="true">
  <value>-fx-text-fill</value>
  <converter>null</converter>
</Value>
} while resolving '-fx-text-fill'
2025-04-25T12:56:45.683+08:00  WARN 2977 --- [JavaFX Application Thread] javafx.css                               : Caught java.lang.IllegalArgumentException: Loop detected in *.table-view *.table-row-cell:selected{
	-fx-background-color: <Value>
  <value values="1">
    <Value>
      <value>0xe1f0ffff</value>
      <converter>null</converter>
    </Value>  </value>
  <converter>Paint.SequenceConverter</converter>
</Value>
	-fx-text-fill: <Value lookup="true">
  <value>-fx-text-fill</value>
  <converter>null</converter>
</Value>
} while resolving '-fx-text-fill'' while calculating value for '-fx-text-fill' from rule '*.table-view *.table-row-cell:selected' in stylesheet file:/Users/guoyunyu/DevProject/JavaProject/RedBookNoteFetchTool/GUITool/target/classes/css/style.css
2025-04-25T12:56:46.891+08:00  WARN 2977 --- [JavaFX Application Thread] javafx.css                               : Loop detected in *.table-view *.table-row-cell:selected{
	-fx-background-color: <Value>
  <value values="1">
    <Value>
      <value>0xe1f0ffff</value>
      <converter>null</converter>
    </Value>  </value>
  <converter>Paint.SequenceConverter</converter>
</Value>
	-fx-text-fill: <Value lookup="true">
  <value>-fx-text-fill</value>
  <converter>null</converter>
</Value>
} while resolving '-fx-text-fill'
2025-04-25T12:56:46.891+08:00  WARN 2977 --- [JavaFX Application Thread] javafx.css                               : Caught java.lang.IllegalArgumentException: Loop detected in *.table-view *.table-row-cell:selected{
	-fx-background-color: <Value>
  <value values="1">
    <Value>
      <value>0xe1f0ffff</value>
      <converter>null</converter>
    </Value>  </value>
  <converter>Paint.SequenceConverter</converter>
</Value>
	-fx-text-fill: <Value lookup="true">
  <value>-fx-text-fill</value>
  <converter>null</converter>
</Value>
} while resolving '-fx-text-fill'' while calculating value for '-fx-text-fill' from rule '*.table-view *.table-row-cell:selected' in stylesheet file:/Users/guoyunyu/DevProject/JavaProject/RedBookNoteFetchTool/GUITool/target/classes/css/style.css
2025-04-25T12:56:48.107+08:00  WARN 2977 --- [JavaFX Application Thread] javafx.css                               : Loop detected in *.table-view *.table-row-cell:selected{
	-fx-background-color: <Value>
  <value values="1">
    <Value>
      <value>0xe1f0ffff</value>
      <converter>null</converter>
    </Value>  </value>
  <converter>Paint.SequenceConverter</converter>
</Value>
	-fx-text-fill: <Value lookup="true">
  <value>-fx-text-fill</value>
  <converter>null</converter>
</Value>
} while resolving '-fx-text-fill'
2025-04-25T12:56:48.107+08:00  WARN 2977 --- [JavaFX Application Thread] javafx.css                               : Caught java.lang.IllegalArgumentException: Loop detected in *.table-view *.table-row-cell:selected{
	-fx-background-color: <Value>
  <value values="1">
    <Value>
      <value>0xe1f0ffff</value>
      <converter>null</converter>
    </Value>  </value>
  <converter>Paint.SequenceConverter</converter>
</Value>
	-fx-text-fill: <Value lookup="true">
  <value>-fx-text-fill</value>
  <converter>null</converter>
</Value>
} while resolving '-fx-text-fill'' while calculating value for '-fx-text-fill' from rule '*.table-view *.table-row-cell:selected' in stylesheet file:/Users/guoyunyu/DevProject/JavaProject/RedBookNoteFetchTool/GUITool/target/classes/css/style.css
2025-04-25T12:56:59.703+08:00  INFO 2977 --- [ForkJoinPool.commonPool-worker-2] c.r.tool.service.NoteDetailService       : å¼€å§‹ä½¿ç”¨ç”¨æˆ·[670ca18d000000000b031f01]çˆ¬å–ç¬”è®°è¯¦æƒ…: https://www.xiaohongshu.com/search_result/6707ade2000000001902cc7a?xsec_token=ABOkM7LOdDEhMny_CIN7i8pMN7dC6GOjGrHUrc4n_ryts=&xsec_source=
2025-04-25T12:56:59.706+08:00  INFO 2977 --- [ForkJoinPool.commonPool-worker-2] com.redbook.tool.service.UserService     : å·²åŠ è½½ç”¨æˆ·[å°çº¢è–¯670DFD69]çš„ä¿¡æ¯
2025-04-25T12:57:00.063+08:00  INFO 2977 --- [ForkJoinPool.commonPool-worker-2] c.r.tool.service.NoteDetailService       : å¯¼èˆªåˆ°ç¬”è®°è¯¦æƒ…é¡µ: https://www.xiaohongshu.com/search_result/6707ade2000000001902cc7a?xsec_token=ABOkM7LOdDEhMny_CIN7i8pMN7dC6GOjGrHUrc4n_ryts=&xsec_source=
2025-04-25T12:57:00.573+08:00  WARN 2977 --- [JavaFX Application Thread] javafx.css                               : Loop detected in *.table-view *.table-row-cell:selected{
	-fx-background-color: <Value>
  <value values="1">
    <Value>
      <value>0xe1f0ffff</value>
      <converter>null</converter>
    </Value>  </value>
  <converter>Paint.SequenceConverter</converter>
</Value>
	-fx-text-fill: <Value lookup="true">
  <value>-fx-text-fill</value>
  <converter>null</converter>
</Value>
} while resolving '-fx-text-fill'
2025-04-25T12:57:00.574+08:00  WARN 2977 --- [JavaFX Application Thread] javafx.css                               : Caught java.lang.IllegalArgumentException: Loop detected in *.table-view *.table-row-cell:selected{
	-fx-background-color: <Value>
  <value values="1">
    <Value>
      <value>0xe1f0ffff</value>
      <converter>null</converter>
    </Value>  </value>
  <converter>Paint.SequenceConverter</converter>
</Value>
	-fx-text-fill: <Value lookup="true">
  <value>-fx-text-fill</value>
  <converter>null</converter>
</Value>
} while resolving '-fx-text-fill'' while calculating value for '-fx-text-fill' from rule '*.table-view *.table-row-cell:selected' in stylesheet file:/Users/guoyunyu/DevProject/JavaProject/RedBookNoteFetchTool/GUITool/target/classes/css/style.css
2025-04-25T12:57:12.686+08:00  INFO 2977 --- [JavaFX Application Thread] c.r.t.u.c.ArticleCrawlController         : åˆ·æ–°ç¬¬2é¡µæ•°æ®ï¼ŒèŒƒå›´: 10 - 18, æ€»æ•°æ®é‡: 18
2025-04-25T12:57:12.688+08:00  INFO 2977 --- [JavaFX Application Thread] c.r.t.u.c.ArticleCrawlController         : å½“å‰é¡µæ˜¾ç¤º8æ¡æ•°æ®
2025-04-25T12:57:13.670+08:00  INFO 2977 --- [JavaFX Application Thread] c.r.t.u.c.ArticleCrawlController         : åˆ·æ–°ç¬¬1é¡µæ•°æ®ï¼ŒèŒƒå›´: 0 - 10, æ€»æ•°æ®é‡: 18
2025-04-25T12:57:13.670+08:00  INFO 2977 --- [JavaFX Application Thread] c.r.t.u.c.ArticleCrawlController         : å½“å‰é¡µæ˜¾ç¤º10æ¡æ•°æ®
2025-04-25T12:57:22.417+08:00  INFO 2977 --- [ForkJoinPool.commonPool-worker-2] c.r.tool.service.NoteDetailService       : å¼€å§‹æ£€æŸ¥ç”¨æˆ·[670ca18d000000000b031f01]çš„ç™»å½•çŠ¶æ€
2025-04-25T12:57:22.453+08:00  INFO 2977 --- [ForkJoinPool.commonPool-worker-2] c.r.tool.service.NoteDetailService       : æ£€æµ‹åˆ°å·²ç™»å½•å…ƒç´ (ä¸»é€‰æ‹©å™¨)
2025-04-25T12:57:22.460+08:00  INFO 2977 --- [ForkJoinPool.commonPool-worker-2] c.r.tool.service.NoteDetailService       : æå–åˆ°ç¬”è®°æ ‡é¢˜: ä¸‹è¾ˆå­è¿˜é•¿è¿™å¼ è„¸ è¶Šé•¿è¶Šçˆ½
2025-04-25T12:57:22.468+08:00  INFO 2977 --- [ForkJoinPool.commonPool-worker-2] c.r.tool.service.NoteDetailService       : æå–åˆ°ç¬”è®°å†…å®¹ï¼Œé•¿åº¦: 8
2025-04-25T12:57:22.473+08:00  INFO 2977 --- [ForkJoinPool.commonPool-worker-2] c.r.tool.service.NoteDetailService       : æå–åˆ°3ä¸ªç¬”è®°æ ‡ç­¾
2025-04-25T12:57:22.474+08:00  INFO 2977 --- [ForkJoinPool.commonPool-worker-2] c.r.tool.service.NoteDetailService       : æå–åˆ°0å¼ ç¬”è®°å›¾ç‰‡
2025-04-25T12:57:22.476+08:00  INFO 2977 --- [ForkJoinPool.commonPool-worker-2] c.r.tool.service.NoteDetailService       : æµè§ˆå™¨é¡µé¢è¢«å…³é—­
2025-04-25T12:57:22.476+08:00  INFO 2977 --- [ForkJoinPool.commonPool-worker-2] c.r.tool.service.NoteDetailService       : æ£€æµ‹åˆ°é¡µé¢è¢«ç”¨æˆ·æ‰‹åŠ¨å…³é—­
2025-04-25T12:57:22.508+08:00  INFO 2977 --- [JavaFX Application Thread] c.r.t.u.c.NotePublishController          : åŠ è½½ç¬”è®°è¯¦æƒ…: ä¸‹è¾ˆå­è¿˜é•¿è¿™å¼ è„¸ è¶Šé•¿è¶Šçˆ½
2025-04-25T12:57:22.508+08:00  INFO 2977 --- [JavaFX Application Thread] c.r.tool.ui.controller.MainController    : åˆ‡æ¢åˆ°ä¸€é”®å‘å¸ƒé¡µé¢
2025-04-25T12:57:22.509+08:00  INFO 2977 --- [JavaFX Application Thread] c.r.t.u.c.NotePublishController          : å·²åŠ è½½3ä¸ªæ ‡ç­¾
2025-04-25T12:57:22.509+08:00  INFO 2977 --- [JavaFX Application Thread] c.r.t.u.c.NotePublishController          : å·²åŠ è½½0å¼ å›¾ç‰‡
2025-04-25T12:57:37.319+08:00  INFO 2977 --- [JavaFX Application Thread] c.r.tool.ui.controller.MainController    : åˆ‡æ¢åˆ°æ–‡ç« çˆ¬å–é¡µé¢
2025-04-25T12:57:39.303+08:00  INFO 2977 --- [ForkJoinPool.commonPool-worker-2] c.r.tool.service.NoteDetailService       : å¼€å§‹ä½¿ç”¨ç”¨æˆ·[670ca18d000000000b031f01]çˆ¬å–ç¬”è®°è¯¦æƒ…: https://www.xiaohongshu.com/search_result/67652d2300000000140225b2?xsec_token=ABdfrfVsOZcIlaG7wP9liZgypEdpz2_wXfIri6_R3_NBI=&xsec_source=
2025-04-25T12:57:39.307+08:00  INFO 2977 --- [ForkJoinPool.commonPool-worker-2] com.redbook.tool.service.UserService     : å·²åŠ è½½ç”¨æˆ·[å°çº¢è–¯670DFD69]çš„ä¿¡æ¯
2025-04-25T12:57:39.661+08:00  INFO 2977 --- [ForkJoinPool.commonPool-worker-2] c.r.tool.service.NoteDetailService       : å¯¼èˆªåˆ°ç¬”è®°è¯¦æƒ…é¡µ: https://www.xiaohongshu.com/search_result/67652d2300000000140225b2?xsec_token=ABdfrfVsOZcIlaG7wP9liZgypEdpz2_wXfIri6_R3_NBI=&xsec_source=
2025-04-25T12:57:47.711+08:00  INFO 2977 --- [ForkJoinPool.commonPool-worker-2] c.r.tool.service.NoteDetailService       : å¼€å§‹æ£€æŸ¥ç”¨æˆ·[670ca18d000000000b031f01]çš„ç™»å½•çŠ¶æ€
2025-04-25T12:57:47.731+08:00  INFO 2977 --- [ForkJoinPool.commonPool-worker-2] c.r.tool.service.NoteDetailService       : æ£€æµ‹åˆ°å·²ç™»å½•å…ƒç´ (ä¸»é€‰æ‹©å™¨)
2025-04-25T12:57:47.736+08:00  INFO 2977 --- [ForkJoinPool.commonPool-worker-2] c.r.tool.service.NoteDetailService       : æå–åˆ°ç¬”è®°æ ‡é¢˜: å¤©æ°”è’™è’™ ä½ ä¹ŸèŒèŒËƒ ğ–¥¦ Ë‚
2025-04-25T12:57:47.747+08:00  INFO 2977 --- [ForkJoinPool.commonPool-worker-2] c.r.tool.service.NoteDetailService       : æœªæå–åˆ°ç¬”è®°å†…å®¹æ–‡æœ¬ï¼Œå¯èƒ½åªæœ‰æ ‡ç­¾
2025-04-25T12:57:47.756+08:00  INFO 2977 --- [ForkJoinPool.commonPool-worker-2] c.r.tool.service.NoteDetailService       : æå–åˆ°6ä¸ªç¬”è®°æ ‡ç­¾
2025-04-25T12:57:47.757+08:00  INFO 2977 --- [ForkJoinPool.commonPool-worker-2] c.r.tool.service.NoteDetailService       : æå–åˆ°0å¼ ç¬”è®°å›¾ç‰‡
2025-04-25T12:57:47.759+08:00  INFO 2977 --- [ForkJoinPool.commonPool-worker-2] c.r.tool.service.NoteDetailService       : æµè§ˆå™¨é¡µé¢è¢«å…³é—­
2025-04-25T12:57:47.759+08:00  INFO 2977 --- [ForkJoinPool.commonPool-worker-2] c.r.tool.service.NoteDetailService       : æ£€æµ‹åˆ°é¡µé¢è¢«ç”¨æˆ·æ‰‹åŠ¨å…³é—­
2025-04-25T12:57:47.789+08:00  INFO 2977 --- [JavaFX Application Thread] c.r.t.u.c.NotePublishController          : åŠ è½½ç¬”è®°è¯¦æƒ…: å¤©æ°”è’™è’™ ä½ ä¹ŸèŒèŒËƒ ğ–¥¦ Ë‚
2025-04-25T12:57:47.789+08:00  INFO 2977 --- [JavaFX Application Thread] c.r.tool.ui.controller.MainController    : åˆ‡æ¢åˆ°ä¸€é”®å‘å¸ƒé¡µé¢
2025-04-25T12:57:47.791+08:00  INFO 2977 --- [JavaFX Application Thread] c.r.t.u.c.NotePublishController          : å·²åŠ è½½6ä¸ªæ ‡ç­¾
2025-04-25T12:57:47.791+08:00  INFO 2977 --- [JavaFX Application Thread] c.r.t.u.c.NotePublishController          : å·²åŠ è½½0å¼ å›¾ç‰‡
2025-04-25T12:57:52.018+08:00  INFO 2977 --- [JavaFX Application Thread] c.r.tool.ui.controller.MainController    : åˆ‡æ¢åˆ°æ–‡ç« çˆ¬å–é¡µé¢
2025-04-25T12:57:56.570+08:00  INFO 2977 --- [ForkJoinPool.commonPool-worker-2] c.r.tool.service.NoteDetailService       : å¼€å§‹ä½¿ç”¨ç”¨æˆ·[670ca18d000000000b031f01]çˆ¬å–ç¬”è®°è¯¦æƒ…: https://www.xiaohongshu.com/search_result/67ade2310000000018005fb6?xsec_token=ABjIZAC1msBacpTPV5SVw9n9iaPIIoYzL35vpgEee5siM=&xsec_source=
2025-04-25T12:57:56.573+08:00  INFO 2977 --- [ForkJoinPool.commonPool-worker-2] com.redbook.tool.service.UserService     : å·²åŠ è½½ç”¨æˆ·[å°çº¢è–¯670DFD69]çš„ä¿¡æ¯
2025-04-25T12:57:56.908+08:00  INFO 2977 --- [ForkJoinPool.commonPool-worker-2] c.r.tool.service.NoteDetailService       : å¯¼èˆªåˆ°ç¬”è®°è¯¦æƒ…é¡µ: https://www.xiaohongshu.com/search_result/67ade2310000000018005fb6?xsec_token=ABjIZAC1msBacpTPV5SVw9n9iaPIIoYzL35vpgEee5siM=&xsec_source=
2025-04-25T12:58:27.013+08:00  INFO 2977 --- [ForkJoinPool.commonPool-worker-2] c.r.tool.service.NoteDetailService       : æµè§ˆå™¨é¡µé¢è¢«å…³é—­
2025-04-25T12:58:27.013+08:00  INFO 2977 --- [ForkJoinPool.commonPool-worker-2] c.r.tool.service.NoteDetailService       : æ£€æµ‹åˆ°é¡µé¢è¢«ç”¨æˆ·æ‰‹åŠ¨å…³é—­
2025-04-25T12:58:27.043+08:00 ERROR 2977 --- [ForkJoinPool.commonPool-worker-2] c.r.tool.service.NoteDetailService       : çˆ¬å–è¿‡ç¨‹ä¸­å‘ç”ŸPlaywrighté”™è¯¯: Error {
  message='Timeout 30000ms exceeded.
=========================== logs ===========================
navigating to "https://www.xiaohongshu.com/search_result/67ade2310000000018005fb6?xsec_token=ABjIZAC1msBacpTPV5SVw9n9iaPIIoYzL35vpgEee5siM=&xsec_source=", waiting until "load"
============================================================
  name='TimeoutError
  stack='TimeoutError: Timeout 30000ms exceeded.
=========================== logs ===========================
navigating to "https://www.xiaohongshu.com/search_result/67ade2310000000018005fb6?xsec_token=ABjIZAC1msBacpTPV5SVw9n9iaPIIoYzL35vpgEee5siM=&xsec_source=", waiting until "load"
============================================================
    at ProgressController.run (/private/var/folders/ts/v8x18jsx2c750nzrlgx7znnr0000gn/T/playwright-java-5482509434210078272/package/lib/server/progress.js:88:26)
    at Frame.goto (/private/var/folders/ts/v8x18jsx2c750nzrlgx7znnr0000gn/T/playwright-java-5482509434210078272/package/lib/server/frames.js:525:23)
    at FrameDispatcher.goto (/private/var/folders/ts/v8x18jsx2c750nzrlgx7znnr0000gn/T/playwright-java-5482509434210078272/package/lib/server/dispatchers/frameDispatcher.js:75:121)
    at DispatcherConnection.dispatch (/private/var/folders/ts/v8x18jsx2c750nzrlgx7znnr0000gn/T/playwright-java-5482509434210078272/package/lib/server/dispatchers/dispatcher.js:312:46)
}

com.microsoft.playwright.TimeoutError: Error {
  message='Timeout 30000ms exceeded.
=========================== logs ===========================
navigating to "https://www.xiaohongshu.com/search_result/67ade2310000000018005fb6?xsec_token=ABjIZAC1msBacpTPV5SVw9n9iaPIIoYzL35vpgEee5siM=&xsec_source=", waiting until "load"
============================================================
  name='TimeoutError
  stack='TimeoutError: Timeout 30000ms exceeded.
=========================== logs ===========================
navigating to "https://www.xiaohongshu.com/search_result/67ade2310000000018005fb6?xsec_token=ABjIZAC1msBacpTPV5SVw9n9iaPIIoYzL35vpgEee5siM=&xsec_source=", waiting until "load"
============================================================
    at ProgressController.run (/private/var/folders/ts/v8x18jsx2c750nzrlgx7znnr0000gn/T/playwright-java-5482509434210078272/package/lib/server/progress.js:88:26)
    at Frame.goto (/private/var/folders/ts/v8x18jsx2c750nzrlgx7znnr0000gn/T/playwright-java-5482509434210078272/package/lib/server/frames.js:525:23)
    at FrameDispatcher.goto (/private/var/folders/ts/v8x18jsx2c750nzrlgx7znnr0000gn/T/playwright-java-5482509434210078272/package/lib/server/dispatchers/frameDispatcher.js:75:121)
    at DispatcherConnection.dispatch (/private/var/folders/ts/v8x18jsx2c750nzrlgx7znnr0000gn/T/playwright-java-5482509434210078272/package/lib/server/dispatchers/dispatcher.js:312:46)
}
	at com.microsoft.playwright.impl.WaitableResult.get(WaitableResult.java:52) ~[playwright-1.36.0.jar:1.36.0]
	at com.microsoft.playwright.impl.ChannelOwner.runUntil(ChannelOwner.java:111) ~[playwright-1.36.0.jar:1.36.0]
	at com.microsoft.playwright.impl.Connection.sendMessage(Connection.java:126) ~[playwright-1.36.0.jar:1.36.0]
	at com.microsoft.playwright.impl.ChannelOwner.sendMessage(ChannelOwner.java:102) ~[playwright-1.36.0.jar:1.36.0]
	at com.microsoft.playwright.impl.FrameImpl.navigateImpl(FrameImpl.java:463) ~[playwright-1.36.0.jar:1.36.0]
	at com.microsoft.playwright.impl.PageImpl.lambda$navigate$45(PageImpl.java:836) ~[playwright-1.36.0.jar:1.36.0]
	at com.microsoft.playwright.impl.LoggingSupport.withLogging(LoggingSupport.java:47) ~[playwright-1.36.0.jar:1.36.0]
	at com.microsoft.playwright.impl.ChannelOwner.withLogging(ChannelOwner.java:87) ~[playwright-1.36.0.jar:1.36.0]
	at com.microsoft.playwright.impl.PageImpl.navigate(PageImpl.java:836) ~[playwright-1.36.0.jar:1.36.0]
	at com.microsoft.playwright.impl.PageImpl.navigate(PageImpl.java:42) ~[playwright-1.36.0.jar:1.36.0]
	at com.microsoft.playwright.Page.navigate(Page.java:5282) ~[playwright-1.36.0.jar:1.36.0]
	at com.redbook.tool.service.NoteDetailService.lambda$0(NoteDetailService.java:142) ~[classes/:na]
	at java.base/java.util.concurrent.CompletableFuture$AsyncSupply.run(CompletableFuture.java:1768) ~[na:na]
	at java.base/java.util.concurrent.CompletableFuture$AsyncSupply.exec(CompletableFuture.java:1760) ~[na:na]
	at java.base/java.util.concurrent.ForkJoinTask.doExec(ForkJoinTask.java:373) ~[na:na]
	at java.base/java.util.concurrent.ForkJoinPool$WorkQueue.topLevelExec(ForkJoinPool.java:1182) ~[na:na]
	at java.base/java.util.concurrent.ForkJoinPool.scan(ForkJoinPool.java:1655) ~[na:na]
	at java.base/java.util.concurrent.ForkJoinPool.runWorker(ForkJoinPool.java:1622) ~[na:na]
	at java.base/java.util.concurrent.ForkJoinWorkerThread.run(ForkJoinWorkerThread.java:165) ~[na:na]
Caused by: com.microsoft.playwright.TimeoutError: Error {
  message='Timeout 30000ms exceeded.
=========================== logs ===========================
navigating to "https://www.xiaohongshu.com/search_result/67ade2310000000018005fb6?xsec_token=ABjIZAC1msBacpTPV5SVw9n9iaPIIoYzL35vpgEee5siM=&xsec_source=", waiting until "load"
============================================================
  name='TimeoutError
  stack='TimeoutError: Timeout 30000ms exceeded.
=========================== logs ===========================
navigating to "https://www.xiaohongshu.com/search_result/67ade2310000000018005fb6?xsec_token=ABjIZAC1msBacpTPV5SVw9n9iaPIIoYzL35vpgEee5siM=&xsec_source=", waiting until "load"
============================================================
    at ProgressController.run (/private/var/folders/ts/v8x18jsx2c750nzrlgx7znnr0000gn/T/playwright-java-5482509434210078272/package/lib/server/progress.js:88:26)
    at Frame.goto (/private/var/folders/ts/v8x18jsx2c750nzrlgx7znnr0000gn/T/playwright-java-5482509434210078272/package/lib/server/frames.js:525:23)
    at FrameDispatcher.goto (/private/var/folders/ts/v8x18jsx2c750nzrlgx7znnr0000gn/T/playwright-java-5482509434210078272/package/lib/server/dispatchers/frameDispatcher.js:75:121)
    at DispatcherConnection.dispatch (/private/var/folders/ts/v8x18jsx2c750nzrlgx7znnr0000gn/T/playwright-java-5482509434210078272/package/lib/server/dispatchers/dispatcher.js:312:46)
}
	at com.microsoft.playwright.impl.Connection.dispatch(Connection.java:224) ~[playwright-1.36.0.jar:1.36.0]
	at com.microsoft.playwright.impl.Connection.processOneMessage(Connection.java:206) ~[playwright-1.36.0.jar:1.36.0]
	at com.microsoft.playwright.impl.ChannelOwner.runUntil(ChannelOwner.java:109) ~[playwright-1.36.0.jar:1.36.0]
	... 17 common frames omitted

2025-04-25T12:58:34.286+08:00  INFO 2977 --- [JavaFX Application Thread] c.r.t.u.c.ArticleCrawlController         : åˆ·æ–°ç¬¬2é¡µæ•°æ®ï¼ŒèŒƒå›´: 10 - 18, æ€»æ•°æ®é‡: 18
2025-04-25T12:58:34.287+08:00  INFO 2977 --- [JavaFX Application Thread] c.r.t.u.c.ArticleCrawlController         : å½“å‰é¡µæ˜¾ç¤º8æ¡æ•°æ®
2025-04-25T12:58:36.669+08:00  INFO 2977 --- [JavaFX Application Thread] c.r.t.u.c.ArticleCrawlController         : åˆ·æ–°ç¬¬1é¡µæ•°æ®ï¼ŒèŒƒå›´: 0 - 10, æ€»æ•°æ®é‡: 18
2025-04-25T12:58:36.669+08:00  INFO 2977 --- [JavaFX Application Thread] c.r.t.u.c.ArticleCrawlController         : å½“å‰é¡µæ˜¾ç¤º10æ¡æ•°æ®
2025-04-25T12:58:38.085+08:00  INFO 2977 --- [JavaFX Application Thread] c.r.t.u.c.ArticleCrawlController         : åˆ·æ–°ç¬¬2é¡µæ•°æ®ï¼ŒèŒƒå›´: 10 - 18, æ€»æ•°æ®é‡: 18
2025-04-25T12:58:38.085+08:00  INFO 2977 --- [JavaFX Application Thread] c.r.t.u.c.ArticleCrawlController         : å½“å‰é¡µæ˜¾ç¤º8æ¡æ•°æ®
2025-04-25T12:58:49.053+08:00  INFO 2977 --- [ForkJoinPool.commonPool-worker-2] c.r.tool.service.NoteDetailService       : å¼€å§‹ä½¿ç”¨ç”¨æˆ·[670ca18d000000000b031f01]çˆ¬å–ç¬”è®°è¯¦æƒ…: https://www.xiaohongshu.com/search_result/67d803f0000000000603d934?xsec_token=ABuasJEGrMYZWE6ADGxgIS_Tcyb4FMUOjPGFq4-kIWMcc=&xsec_source=
2025-04-25T12:58:49.057+08:00  INFO 2977 --- [ForkJoinPool.commonPool-worker-2] com.redbook.tool.service.UserService     : å·²åŠ è½½ç”¨æˆ·[å°çº¢è–¯670DFD69]çš„ä¿¡æ¯
2025-04-25T12:58:49.413+08:00  INFO 2977 --- [ForkJoinPool.commonPool-worker-2] c.r.tool.service.NoteDetailService       : å¯¼èˆªåˆ°ç¬”è®°è¯¦æƒ…é¡µ: https://www.xiaohongshu.com/search_result/67d803f0000000000603d934?xsec_token=ABuasJEGrMYZWE6ADGxgIS_Tcyb4FMUOjPGFq4-kIWMcc=&xsec_source=
2025-04-25T12:58:55.773+08:00  INFO 2977 --- [ForkJoinPool.commonPool-worker-2] c.r.tool.service.NoteDetailService       : å¼€å§‹æ£€æŸ¥ç”¨æˆ·[670ca18d000000000b031f01]çš„ç™»å½•çŠ¶æ€
2025-04-25T12:58:55.809+08:00  INFO 2977 --- [ForkJoinPool.commonPool-worker-2] c.r.tool.service.NoteDetailService       : æ£€æµ‹åˆ°å·²ç™»å½•å…ƒç´ (ä¸»é€‰æ‹©å™¨)
2025-04-25T12:58:55.815+08:00  INFO 2977 --- [ForkJoinPool.commonPool-worker-2] c.r.tool.service.NoteDetailService       : æå–åˆ°ç¬”è®°æ ‡é¢˜: æ°›å›´æ„Ÿæ‹¿æäº†å—
2025-04-25T12:58:55.828+08:00  INFO 2977 --- [ForkJoinPool.commonPool-worker-2] c.r.tool.service.NoteDetailService       : æœªæå–åˆ°ç¬”è®°å†…å®¹æ–‡æœ¬ï¼Œå¯èƒ½åªæœ‰æ ‡ç­¾
2025-04-25T12:58:55.838+08:00  INFO 2977 --- [ForkJoinPool.commonPool-worker-2] c.r.tool.service.NoteDetailService       : æå–åˆ°9ä¸ªç¬”è®°æ ‡ç­¾
2025-04-25T12:58:55.861+08:00  INFO 2977 --- [ForkJoinPool.commonPool-worker-2] c.r.tool.service.NoteDetailService       : æå–åˆ°9å¼ ç¬”è®°å›¾ç‰‡
2025-04-25T12:58:55.863+08:00  INFO 2977 --- [ForkJoinPool.commonPool-worker-2] c.r.tool.service.NoteDetailService       : æµè§ˆå™¨é¡µé¢è¢«å…³é—­
2025-04-25T12:58:55.863+08:00  INFO 2977 --- [ForkJoinPool.commonPool-worker-2] c.r.tool.service.NoteDetailService       : æ£€æµ‹åˆ°é¡µé¢è¢«ç”¨æˆ·æ‰‹åŠ¨å…³é—­
2025-04-25T12:58:55.892+08:00  INFO 2977 --- [JavaFX Application Thread] c.r.t.u.c.NotePublishController          : åŠ è½½ç¬”è®°è¯¦æƒ…: æ°›å›´æ„Ÿæ‹¿æäº†å—
2025-04-25T12:58:55.892+08:00  INFO 2977 --- [JavaFX Application Thread] c.r.tool.ui.controller.MainController    : åˆ‡æ¢åˆ°ä¸€é”®å‘å¸ƒé¡µé¢
2025-04-25T12:58:55.894+08:00  INFO 2977 --- [JavaFX Application Thread] c.r.t.u.c.NotePublishController          : å·²åŠ è½½9ä¸ªæ ‡ç­¾
2025-04-25T12:58:55.958+08:00  INFO 2977 --- [JavaFX Application Thread] c.r.t.u.c.NotePublishController          : å·²åŠ è½½9å¼ å›¾ç‰‡
2025-04-25T12:59:10.742+08:00  INFO 2977 --- [ForkJoinPool.commonPool-worker-2] com.redbook.tool.service.UserService     : å·²åŠ è½½ç”¨æˆ·[å°çº¢è–¯670DFD69]çš„ä¿¡æ¯
2025-04-25T12:59:12.569+08:00  INFO 2977 --- [ForkJoinPool.commonPool-worker-2] c.r.tool.service.NotePublishService      : cookiesæ˜¯[com.microsoft.playwright.options.Cookie@65de6f6, com.microsoft.playwright.options.Cookie@55197790, com.microsoft.playwright.options.Cookie@50f11dec, com.microsoft.playwright.options.Cookie@7e809300, com.microsoft.playwright.options.Cookie@1783a070, com.microsoft.playwright.options.Cookie@938f0e7, com.microsoft.playwright.options.Cookie@517e9251, com.microsoft.playwright.options.Cookie@2b1c13ed, com.microsoft.playwright.options.Cookie@2196b6de, com.microsoft.playwright.options.Cookie@6fe7c5c3, com.microsoft.playwright.options.Cookie@4aae2e74, com.microsoft.playwright.options.Cookie@1e6dfb7, com.microsoft.playwright.options.Cookie@1552a913]
2025-04-25T12:59:44.575+08:00  INFO 2977 --- [JavaFX Application Thread] c.r.t.u.c.NotePublishController          : å‘å¸ƒç¬”è®°æˆåŠŸ: æ°›å›´æ„Ÿæ‹¿æäº†å—, æ ‡ç­¾: 9, å›¾ç‰‡: 9
2025-04-25T12:59:44.576+08:00  INFO 2977 --- [JavaFX Application Thread] c.r.tool.ui.controller.MainController    : åˆ‡æ¢åˆ°æ–‡ç« çˆ¬å–é¡µé¢
2025-04-25T23:30:25.716+08:00  INFO 2977 --- [JavaFX Application Thread] c.r.t.u.c.ArticleCrawlController         : åˆ·æ–°ç¬¬1é¡µæ•°æ®ï¼ŒèŒƒå›´: 0 - 10, æ€»æ•°æ®é‡: 18
2025-04-25T23:30:25.718+08:00  INFO 2977 --- [JavaFX Application Thread] c.r.t.u.c.ArticleCrawlController         : å½“å‰é¡µæ˜¾ç¤º10æ¡æ•°æ®
